[20:33:47] [main/INFO] ========================================
[20:33:47] [main/INFO] Minecraft: 1.21.3
[20:33:47] [main/INFO] Side: server
[20:33:47] [main/INFO] Development: false
[20:33:47] [main/INFO] Version: 17.0.790
[20:33:47] [main/INFO] Loader:
[20:33:47] [main/INFO] - Fabric: 0.16.9
[20:33:47] [main/INFO] - Fabric API: 0.110.0+1.21.3
[20:33:47] [main/INFO] Dependencies:
[20:33:47] [main/INFO] - Cloth Config: 16.0.141
[20:33:47] [main/INFO] - Architectury: 14.0.4
[20:33:47] [main/INFO] Mixin: 0.8.7
[20:33:47] [main/INFO] OS: Linux 6.5.0-1025-azure (amd64)
[20:33:47] [main/INFO] Java: 21.0.5 (Ubuntu)
[20:33:47] [main/INFO] ========================================
[20:33:47] [main/INFO] Mods:
[20:33:47] [main/INFO] - appleskin: 3.0.6+mc1.21.3
[20:33:47] [main/INFO] - architectury: 14.0.4
[20:33:47] [main/INFO] - balm-fabric: 21.3.3
[20:33:47] [main/INFO] - bil: 1.1.13+1.21.2
[20:33:47] [main/INFO] - blue_endless_jankson: 1.2.3
[20:33:47] [main/INFO] - cloth-basic-math: 0.6.1
[20:33:47] [main/INFO] - cloth-config: 16.0.141
[20:33:47] [main/INFO] - cloth-config: 16.0.141
[20:33:47] [main/INFO] - collective: 7.89
[20:33:47] [main/INFO] - error_notifier: 1.0.11
[20:33:47] [main/INFO] - evs: 2.4.1
[20:33:47] [main/INFO] - expandedstorage: 15.1.2
[20:33:47] [main/INFO] - fabric-api: 0.110.0+1.21.3
[20:33:47] [main/INFO] - fabric-api: 0.110.0+1.21.3
[20:33:47] [main/INFO] - fabric-api-base: 0.4.50+119c825640
[20:33:47] [main/INFO] - fabric-api-lookup-api-v1: 1.6.81+fd37071f40
[20:33:47] [main/INFO] - fabric-biome-api-v1: 14.0.6+fd37071f40
[20:33:47] [main/INFO] - fabric-block-api-v1: 1.0.28+fd37071f40
[20:33:47] [main/INFO] - fabric-block-view-api-v2: 1.0.16+fd37071f40
[20:33:47] [main/INFO] - fabric-command-api-v1: 1.2.58+f71b366f40
[20:33:47] [main/INFO] - fabric-command-api-v2: 2.2.37+c9d82ab240
[20:33:47] [main/INFO] - fabric-commands-v0: 0.2.75+df3654b340
[20:33:47] [main/INFO] - fabric-content-registries-v0: 9.1.8+fd37071f40
[20:33:47] [main/INFO] - fabric-convention-tags-v1: 2.1.3+7f945d5b40
[20:33:47] [main/INFO] - fabric-convention-tags-v2: 2.9.3+84ebbb0e40
[20:33:47] [main/INFO] - fabric-crash-report-info-v1: 0.3.3+fd37071f40
[20:33:47] [main/INFO] - fabric-data-attachment-api-v1: 1.4.0+dbad41f140
[20:33:47] [main/INFO] - fabric-data-generation-api-v1: 21.0.18+fd37071f40
[20:33:47] [main/INFO] - fabric-dimensions-v1: 4.0.7+fd37071f40
[20:33:47] [main/INFO] - fabric-entity-events-v1: 2.0.8+825023f840
[20:33:47] [main/INFO] - fabric-events-interaction-v0: 2.0.12+c2c3ac4740
[20:33:47] [main/INFO] - fabric-game-rule-api-v1: 1.0.59+fd37071f40
[20:33:47] [main/INFO] - fabric-item-api-v1: 11.1.7+fd37071f40
[20:33:47] [main/INFO] - fabric-item-group-api-v1: 4.1.17+fd37071f40
[20:33:47] [main/INFO] - fabric-language-kotlin: 1.13.0+kotlin.2.1.0
[20:33:47] [main/INFO] - fabric-lifecycle-events-v1: 2.5.1+6da5ef6940
[20:33:47] [main/INFO] - fabric-loot-api-v2: 3.0.26+3f89f5a540
[20:33:47] [main/INFO] - fabric-loot-api-v3: 1.0.14+fd37071f40
[20:33:47] [main/INFO] - fabric-message-api-v1: 6.0.21+fd37071f40
[20:33:47] [main/INFO] - fabric-networking-api-v1: 4.3.5+fd37071f40
[20:33:47] [main/INFO] - fabric-object-builder-api-v1: 17.0.9+fd37071f40
[20:33:47] [main/INFO] - fabric-particles-v1: 4.0.10+fd37071f40
[20:33:47] [main/INFO] - fabric-recipe-api-v1: 7.0.4+fd37071f40
[20:33:47] [main/INFO] - fabric-registry-sync-v0: 5.3.0+2758bfbf40
[20:33:47] [main/INFO] - fabric-rendering-data-attachment-v1: 0.3.54+73761d2e40
[20:33:47] [main/INFO] - fabric-rendering-fluids-v1: 3.1.15+fd37071f40
[20:33:47] [main/INFO] - fabric-resource-conditions-api-v1: 5.0.8+fd37071f40
[20:33:47] [main/INFO] - fabric-resource-loader-v0: 3.0.6+fd37071f40
[20:33:47] [main/INFO] - fabric-screen-handler-api-v1: 1.3.101+fd37071f40
[20:33:47] [main/INFO] - fabric-transfer-api-v1: 5.4.3+fd37071f40
[20:33:47] [main/INFO] - fabric-transitive-access-wideners-v1: 6.2.0+54a41b1c40
[20:33:47] [main/INFO] - fabricloader: 0.16.9
[20:33:47] [main/INFO] - filament: 0.10.0+1.21.2
[20:33:47] [main/INFO] - frozenlib: 1.9.3-mc1.21.2
[20:33:47] [main/INFO] - hardcorerevival: 21.3.4
[20:33:47] [main/INFO] - io_netty_netty-codec-http: 4.1.82
[20:33:47] [main/INFO] - jamlib: 1.2.2+1.21.3
[20:33:47] [main/INFO] - java: 21
[20:33:47] [main/INFO] - kuma_api: 21.3.1-SNAPSHOT
[20:33:47] [main/INFO] - minecraft: 1.21.3
[20:33:47] [main/INFO] - mixinextras: 0.4.1
[20:33:47] [main/INFO] - mr_daycounter: 1.21
[20:33:47] [main/INFO] - netherportalfix: 21.3.2
[20:33:47] [main/INFO] - org_jetbrains_kotlin_kotlin-reflect: 2.1.0
[20:33:47] [main/INFO] - org_jetbrains_kotlin_kotlin-stdlib: 2.1.0
[20:33:47] [main/INFO] - org_jetbrains_kotlin_kotlin-stdlib-jdk7: 2.1.0
[20:33:47] [main/INFO] - org_jetbrains_kotlin_kotlin-stdlib-jdk8: 2.1.0
[20:33:47] [main/INFO] - org_jetbrains_kotlinx_atomicfu-jvm: 0.26.1
[20:33:47] [main/INFO] - org_jetbrains_kotlinx_kotlinx-coroutines-core-jvm: 1.9.0
[20:33:47] [main/INFO] - org_jetbrains_kotlinx_kotlinx-coroutines-jdk8: 1.9.0
[20:33:47] [main/INFO] - org_jetbrains_kotlinx_kotlinx-datetime-jvm: 0.6.1
[20:33:47] [main/INFO] - org_jetbrains_kotlinx_kotlinx-io-bytestring-jvm: 0.6.0
[20:33:47] [main/INFO] - org_jetbrains_kotlinx_kotlinx-io-core-jvm: 0.6.0
[20:33:47] [main/INFO] - org_jetbrains_kotlinx_kotlinx-serialization-cbor-jvm: 1.7.3
[20:33:47] [main/INFO] - org_jetbrains_kotlinx_kotlinx-serialization-core-jvm: 1.7.3
[20:33:47] [main/INFO] - org_jetbrains_kotlinx_kotlinx-serialization-json-jvm: 1.7.3
[20:33:47] [main/INFO] - packedup: 1.0.30
[20:33:47] [main/INFO] - packet_tweaker: 0.6.0-pre.1+1.21.2-pre3
[20:33:47] [main/INFO] - placeholder-api: 2.5.0+1.21.2
[20:33:47] [main/INFO] - polymer-autohost: 0.10.2+1.21.3
[20:33:47] [main/INFO] - polymer-blocks: 0.10.2+1.21.3
[20:33:47] [main/INFO] - polymer-bundled: 0.10.2+1.21.3
[20:33:47] [main/INFO] - polymer-common: 0.10.2+1.21.3
[20:33:47] [main/INFO] - polymer-core: 0.10.2+1.21.3
[20:33:47] [main/INFO] - polymer-networking: 0.10.2+1.21.3
[20:33:47] [main/INFO] - polymer-registry-sync-manipulator: 0.10.2+1.21.3
[20:33:47] [main/INFO] - polymer-resource-pack: 0.10.2+1.21.3
[20:33:47] [main/INFO] - polymer-virtual-entity: 0.10.2+1.21.3
[20:33:47] [main/INFO] - rightclickharvest: 4.4.3+1.21.3
[20:33:47] [main/INFO] - roughlyenoughitems: 17.0.790
[20:33:47] [main/INFO] - sgui: 1.7.0+1.21.2
[20:33:47] [main/INFO] - splinecart: 0.1+1.21.3
[20:33:47] [main/INFO] - supermartijn642configlib: 1.1.8
[20:33:47] [main/INFO] - supermartijn642corelib: 1.1.17+a
[20:33:47] [main/INFO] - tool_trims: 2.2.2
[20:33:47] [main/INFO] - trimmable_tools: 2.0.4
[20:33:47] [main/INFO] - tsa-decorations: 2.1.1+1.21.2-1.21.3
[20:33:47] [main/INFO] - versecraft: 4.1.1+1.21.3
[20:33:47] [main/INFO] - villagernames: 8.1
[20:33:47] [main/INFO] - waystones: 21.3.3
[20:33:47] [main/INFO] ========================================
[20:33:47] [main/INFO] [REI] Registered plugin provider DefaultPlugin [roughlyenoughitems] for REICommonPlugin
[20:33:47] [main/INFO] [REI] Registered plugin provider DefaultRuntimePlugin [roughlyenoughitems] for REICommonPlugin
[20:33:47] [main/INFO] [REI] Registered plugin provider FabricFluidAPISupportPlugin for REICommonPlugin
[20:33:50] [main/DEBUG] [REI] Processed 397 tags in 3.182 ms for minecraft:item
[20:33:50] [main/DEBUG] [REI] Processed 2 tags in 38.08 μs for minecraft:cat_variant
[20:33:50] [main/DEBUG] [REI] Processed 5 tags in 15.52 μs for minecraft:fluid
[20:33:50] [main/DEBUG] [REI] Processed 3 tags in 18.90 μs for minecraft:point_of_interest_type
[20:33:50] [main/DEBUG] [REI] Processed 273 tags in 2.417 ms for minecraft:block
[20:33:50] [main/DEBUG] [REI] Processed 45 tags in 395.3 μs for minecraft:entity_type
[20:33:50] [main/DEBUG] [REI] Processed 5 tags in 57.01 μs for minecraft:game_event
[20:33:58] [Server thread/DEBUG] [REI] Starting Reload Plugins of stage null
java.lang.Throwable
	at knot//me.shedaniel.rei.impl.common.plugins.ReloadManagerImpl.reloadPlugins(ReloadManagerImpl.java:110)
	at knot//me.shedaniel.rei.RoughlyEnoughItemsCore.lambda$onInitialize$4(RoughlyEnoughItemsCore.java:153)
	at knot//dev.architectury.event.fabric.EventHandlerImpl.lambda$registerCommon$10(EventHandlerImpl.java:67)
	at knot//net.fabricmc.fabric.api.event.lifecycle.v1.ServerLifecycleEvents.lambda$static$2(ServerLifecycleEvents.java:49)
	at knot//net.minecraft.server.MinecraftServer.handler$zla000$fabric-lifecycle-events-v1$afterSetupServer(MinecraftServer.java:3704)
	at knot//net.minecraft.server.MinecraftServer.method_29741(MinecraftServer.java:682)
	at knot//net.minecraft.server.MinecraftServer.method_29739(MinecraftServer.java:292)
	at java.base/java.lang.Thread.run(Thread.java:1583)
[20:33:58] [Server thread/DEBUG] [REI] ========================================
[20:33:58] [Server thread/DEBUG] [REI] REICommonPlugin starting pre-reload for START.
[20:33:58] [Server thread/DEBUG] [REI] Reloadables (8):
[20:33:58] [Server thread/DEBUG] [REI]  - SlotAccessorRegistryImpl
[20:33:58] [Server thread/DEBUG] [REI]  - EntryTypeRegistryImpl
[20:33:58] [Server thread/DEBUG] [REI]  - EntrySettingsAdapterRegistryImpl
[20:33:58] [Server thread/DEBUG] [REI]  - ItemComparatorRegistryImpl
[20:33:58] [Server thread/DEBUG] [REI]  - FluidComparatorRegistryImpl
[20:33:58] [Server thread/DEBUG] [REI]  - DisplaySerializerRegistryImpl
[20:33:58] [Server thread/DEBUG] [REI]  - ServerDisplayRegistryImpl
[20:33:58] [Server thread/DEBUG] [REI]  - FluidSupportProviderImpl
[20:33:58] [Server thread/DEBUG] [REI] Plugins (3):
[20:33:58] [Server thread/DEBUG] [REI]  - (-100.00) DefaultPlugin of DefaultPlugin [roughlyenoughitems]
[20:33:58] [Server thread/DEBUG] [REI]  - (0.00) FabricFluidAPISupportPlugin
[20:33:58] [Server thread/DEBUG] [REI]  - (0.00) DefaultRuntimePlugin of DefaultRuntimePlugin [roughlyenoughitems]
[20:33:58] [Server thread/DEBUG] [REI] ========================================
[20:33:58] [Server thread/TRACE] [REI] [REICommonPlugin START] Reloading Section: "pre-register/"
[20:33:58] [Server thread/TRACE] [REI] [REICommonPlugin START] Reloading Section: "pre-register/DefaultPlugin of DefaultPlugin [roughlyenoughitems]/"
[20:33:58] [Server thread/TRACE] [REI] [REICommonPlugin START] Reloading Section: "pre-register/DefaultPlugin of DefaultPlugin [roughlyenoughitems]/" done in 1.088 ms
[20:33:58] [Server thread/TRACE] [REI] [REICommonPlugin START] Reloading Section: "pre-register/FabricFluidAPISupportPlugin/"
[20:33:58] [Server thread/TRACE] [REI] [REICommonPlugin START] Reloading Section: "pre-register/FabricFluidAPISupportPlugin/" done in 131.6 μs
[20:33:58] [Server thread/TRACE] [REI] [REICommonPlugin START] Reloading Section: "pre-register/DefaultRuntimePlugin of DefaultRuntimePlugin [roughlyenoughitems]/"
[20:33:58] [Server thread/TRACE] [REI] [REICommonPlugin START] Reloading Section: "pre-register/DefaultRuntimePlugin of DefaultRuntimePlugin [roughlyenoughitems]/" done in 136.0 μs
[20:33:58] [Server thread/TRACE] [REI] [REICommonPlugin START] Reloading Section: "pre-register/" done in 8.085 ms
[20:33:58] [Server thread/TRACE] [REI] [REICommonPlugin START] Reloading Section: "pre-stage/"
[20:33:58] [Server thread/TRACE] [REI] [REICommonPlugin START] Reloading Section: "pre-stage/SlotAccessorRegistryImpl/"
[20:33:58] [Server thread/TRACE] [REI] [REICommonPlugin START] Reloading Section: "pre-stage/SlotAccessorRegistryImpl/" done in 286.7 μs
[20:33:58] [Server thread/TRACE] [REI] [REICommonPlugin START] Reloading Section: "pre-stage/EntryTypeRegistryImpl/"
[20:33:58] [Server thread/TRACE] [REI] [REICommonPlugin START] Reloading Section: "pre-stage/EntryTypeRegistryImpl/" done in 122.4 μs
[20:33:58] [Server thread/TRACE] [REI] [REICommonPlugin START] Reloading Section: "pre-stage/EntrySettingsAdapterRegistryImpl/"
[20:33:58] [Server thread/TRACE] [REI] [REICommonPlugin START] Reloading Section: "pre-stage/EntrySettingsAdapterRegistryImpl/" done in 114.4 μs
[20:33:58] [Server thread/TRACE] [REI] [REICommonPlugin START] Reloading Section: "pre-stage/ItemComparatorRegistryImpl/"
[20:33:58] [Server thread/TRACE] [REI] [REICommonPlugin START] Reloading Section: "pre-stage/ItemComparatorRegistryImpl/" done in 115.2 μs
[20:33:58] [Server thread/TRACE] [REI] [REICommonPlugin START] Reloading Section: "pre-stage/FluidComparatorRegistryImpl/"
[20:33:58] [Server thread/TRACE] [REI] [REICommonPlugin START] Reloading Section: "pre-stage/FluidComparatorRegistryImpl/" done in 106.4 μs
[20:33:58] [Server thread/TRACE] [REI] [REICommonPlugin START] Reloading Section: "pre-stage/DisplaySerializerRegistryImpl/"
[20:33:58] [Server thread/TRACE] [REI] [REICommonPlugin START] Reloading Section: "pre-stage/DisplaySerializerRegistryImpl/" done in 154.9 μs
[20:33:58] [Server thread/TRACE] [REI] [REICommonPlugin START] Reloading Section: "pre-stage/ServerDisplayRegistryImpl/"
[20:33:58] [Server thread/TRACE] [REI] [REICommonPlugin START] Reloading Section: "pre-stage/ServerDisplayRegistryImpl/" done in 166.0 μs
[20:33:58] [Server thread/TRACE] [REI] [REICommonPlugin START] Reloading Section: "pre-stage/FluidSupportProviderImpl/"
[20:33:58] [Server thread/TRACE] [REI] [REICommonPlugin START] Reloading Section: "pre-stage/FluidSupportProviderImpl/" done in 118.4 μs
[20:33:58] [Server thread/TRACE] [REI] [REICommonPlugin START] Reloading Section: "pre-stage/" done in 2.841 ms
[20:33:58] [Server thread/DEBUG] [REI] ========================================
[20:33:58] [Server thread/DEBUG] [REI] REICommonPlugin finished pre-reload for START in 11.58 ms.
[20:33:58] [Server thread/DEBUG] [REI] ========================================
[20:33:58] [Server thread/INFO] [REI] ~~~~~~~~~~~~~~~~~~~~~~~~~~~~~~~~~~~~~~~~
[20:33:58] [Server thread/INFO] [REI] REICommonPlugin starting main-reload for START.
[20:33:58] [Server thread/DEBUG] [REI] Reloadables (8):
[20:33:58] [Server thread/DEBUG] [REI]  - SlotAccessorRegistryImpl
[20:33:58] [Server thread/DEBUG] [REI]  - EntryTypeRegistryImpl
[20:33:58] [Server thread/DEBUG] [REI]  - EntrySettingsAdapterRegistryImpl
[20:33:58] [Server thread/DEBUG] [REI]  - ItemComparatorRegistryImpl
[20:33:58] [Server thread/DEBUG] [REI]  - FluidComparatorRegistryImpl
[20:33:58] [Server thread/DEBUG] [REI]  - DisplaySerializerRegistryImpl
[20:33:58] [Server thread/DEBUG] [REI]  - ServerDisplayRegistryImpl
[20:33:58] [Server thread/DEBUG] [REI]  - FluidSupportProviderImpl
[20:33:58] [Server thread/INFO] [REI] Plugins (3):
[20:33:58] [Server thread/INFO] [REI]  - (-100.00) DefaultPlugin of DefaultPlugin [roughlyenoughitems]
[20:33:58] [Server thread/INFO] [REI]  - (0.00) FabricFluidAPISupportPlugin
[20:33:58] [Server thread/INFO] [REI]  - (0.00) DefaultRuntimePlugin of DefaultRuntimePlugin [roughlyenoughitems]
[20:33:58] [Server thread/INFO] [REI] ~~~~~~~~~~~~~~~~~~~~~~~~~~~~~~~~~~~~~~~~
[20:33:58] [Server thread/TRACE] [REI] [REICommonPlugin START] Reloading Section: "start-reload/"
[20:33:58] [Server thread/TRACE] [REI] [REICommonPlugin START] Reloading Section: "start-reload/SlotAccessorRegistryImpl/"
[20:33:58] [Server thread/TRACE] [REI] [REICommonPlugin START] Reloading Section: "start-reload/SlotAccessorRegistryImpl/" done in 60.21 μs
[20:33:58] [Server thread/TRACE] [REI] [REICommonPlugin START] Reloading Section: "start-reload/EntryTypeRegistryImpl/"
[20:33:58] [Server thread/TRACE] [REI] [REICommonPlugin START] Reloading Section: "start-reload/EntryTypeRegistryImpl/" done in 78.82 μs
[20:33:58] [Server thread/TRACE] [REI] [REICommonPlugin START] Reloading Section: "start-reload/EntrySettingsAdapterRegistryImpl/"
[20:33:58] [Server thread/TRACE] [REI] [REICommonPlugin START] Reloading Section: "start-reload/EntrySettingsAdapterRegistryImpl/" done in 49.11 μs
[20:33:58] [Server thread/TRACE] [REI] [REICommonPlugin START] Reloading Section: "start-reload/ItemComparatorRegistryImpl/"
[20:33:58] [Server thread/TRACE] [REI] [REICommonPlugin START] Reloading Section: "start-reload/ItemComparatorRegistryImpl/" done in 57.71 μs
[20:33:58] [Server thread/TRACE] [REI] [REICommonPlugin START] Reloading Section: "start-reload/FluidComparatorRegistryImpl/"
[20:33:58] [Server thread/TRACE] [REI] [REICommonPlugin START] Reloading Section: "start-reload/FluidComparatorRegistryImpl/" done in 44.46 μs
[20:33:58] [Server thread/TRACE] [REI] [REICommonPlugin START] Reloading Section: "start-reload/DisplaySerializerRegistryImpl/"
[20:33:58] [Server thread/TRACE] [REI] [REICommonPlugin START] Reloading Section: "start-reload/DisplaySerializerRegistryImpl/" done in 67.39 μs
[20:33:58] [Server thread/TRACE] [REI] [REICommonPlugin START] Reloading Section: "start-reload/ServerDisplayRegistryImpl/"
[20:33:58] [Server thread/TRACE] [REI] [REICommonPlugin START] Reloading Section: "start-reload/ServerDisplayRegistryImpl/" done in 55.35 μs
[20:33:58] [Server thread/TRACE] [REI] [REICommonPlugin START] Reloading Section: "start-reload/FluidSupportProviderImpl/"
[20:33:58] [Server thread/TRACE] [REI] [REICommonPlugin START] Reloading Section: "start-reload/FluidSupportProviderImpl/" done in 160.2 μs
[20:33:58] [Server thread/TRACE] [REI] [REICommonPlugin START] Reloading Section: "start-reload/" done in 2.530 ms
[20:33:58] [Server thread/DEBUG] [REI] ========================================
[20:33:58] [Server thread/DEBUG] [REI] REICommonPlugin started main-reload for START.
[20:33:58] [Server thread/DEBUG] [REI] ========================================
[20:33:58] [Server thread/TRACE] [REI] [REICommonPlugin START] Reloading Section: "reloadable-plugin/SlotAccessorRegistryImpl/"
[20:33:58] [Server thread/TRACE] [REI] [REICommonPlugin START] Reloading Section: "reloadable-plugin/SlotAccessorRegistryImpl/DefaultPlugin of DefaultPlugin [roughlyenoughitems]/"
[20:33:58] [Server thread/TRACE] [REI] [REICommonPlugin START] Reloading Section: "reloadable-plugin/SlotAccessorRegistryImpl/DefaultPlugin of DefaultPlugin [roughlyenoughitems]/" done in 319.3 μs
[20:33:58] [Server thread/TRACE] [REI] [REICommonPlugin START] Reloading Section: "reloadable-plugin/SlotAccessorRegistryImpl/FabricFluidAPISupportPlugin/"
[20:33:58] [Server thread/TRACE] [REI] [REICommonPlugin START] Reloading Section: "reloadable-plugin/SlotAccessorRegistryImpl/FabricFluidAPISupportPlugin/" done in 117.4 μs
[20:33:58] [Server thread/TRACE] [REI] [REICommonPlugin START] Reloading Section: "reloadable-plugin/SlotAccessorRegistryImpl/DefaultRuntimePlugin of DefaultRuntimePlugin [roughlyenoughitems]/"
[20:33:58] [Server thread/TRACE] [REI] [REICommonPlugin START] Reloading Section: "reloadable-plugin/SlotAccessorRegistryImpl/DefaultRuntimePlugin of DefaultRuntimePlugin [roughlyenoughitems]/" done in 5.471 ms
[20:33:58] [Server thread/TRACE] [REI] [REICommonPlugin START] Reloading Section: "reloadable-plugin/SlotAccessorRegistryImpl/" done in 7.130 ms
[20:33:58] [Server thread/TRACE] [REI] [REICommonPlugin START] Reloading Section: "reloadable-plugin/EntryTypeRegistryImpl/"
[20:33:58] [Server thread/TRACE] [REI] [REICommonPlugin START] Reloading Section: "reloadable-plugin/EntryTypeRegistryImpl/DefaultPlugin of DefaultPlugin [roughlyenoughitems]/"
[20:33:58] [Server thread/TRACE] [REI] [REICommonPlugin START] Reloading Section: "reloadable-plugin/EntryTypeRegistryImpl/DefaultPlugin of DefaultPlugin [roughlyenoughitems]/" done in 90.08 μs
[20:33:58] [Server thread/TRACE] [REI] [REICommonPlugin START] Reloading Section: "reloadable-plugin/EntryTypeRegistryImpl/FabricFluidAPISupportPlugin/"
[20:33:58] [Server thread/TRACE] [REI] [REICommonPlugin START] Reloading Section: "reloadable-plugin/EntryTypeRegistryImpl/FabricFluidAPISupportPlugin/" done in 59.18 μs
[20:33:58] [Server thread/TRACE] [REI] [REICommonPlugin START] Reloading Section: "reloadable-plugin/EntryTypeRegistryImpl/DefaultRuntimePlugin of DefaultRuntimePlugin [roughlyenoughitems]/"
[20:33:58] [Server thread/TRACE] [REI] [REICommonPlugin START] Reloading Section: "reloadable-plugin/EntryTypeRegistryImpl/DefaultRuntimePlugin of DefaultRuntimePlugin [roughlyenoughitems]/" done in 6.239 ms
[20:33:58] [Server thread/TRACE] [REI] [REICommonPlugin START] Reloading Section: "reloadable-plugin/EntryTypeRegistryImpl/" done in 6.995 ms
[20:33:58] [Server thread/TRACE] [REI] [REICommonPlugin START] Reloading Section: "reloadable-plugin/EntrySettingsAdapterRegistryImpl/"
[20:33:58] [Server thread/TRACE] [REI] [REICommonPlugin START] Reloading Section: "reloadable-plugin/EntrySettingsAdapterRegistryImpl/DefaultPlugin of DefaultPlugin [roughlyenoughitems]/"
[20:33:58] [Server thread/TRACE] [REI] [REICommonPlugin START] Reloading Section: "reloadable-plugin/EntrySettingsAdapterRegistryImpl/DefaultPlugin of DefaultPlugin [roughlyenoughitems]/" done in 68.02 μs
[20:33:58] [Server thread/TRACE] [REI] [REICommonPlugin START] Reloading Section: "reloadable-plugin/EntrySettingsAdapterRegistryImpl/FabricFluidAPISupportPlugin/"
[20:33:58] [Server thread/TRACE] [REI] [REICommonPlugin START] Reloading Section: "reloadable-plugin/EntrySettingsAdapterRegistryImpl/FabricFluidAPISupportPlugin/" done in 54.77 μs
[20:33:58] [Server thread/TRACE] [REI] [REICommonPlugin START] Reloading Section: "reloadable-plugin/EntrySettingsAdapterRegistryImpl/DefaultRuntimePlugin of DefaultRuntimePlugin [roughlyenoughitems]/"
[20:33:58] [Server thread/TRACE] [REI] [REICommonPlugin START] Reloading Section: "reloadable-plugin/EntrySettingsAdapterRegistryImpl/DefaultRuntimePlugin of DefaultRuntimePlugin [roughlyenoughitems]/" done in 80.60 μs
[20:33:58] [Server thread/TRACE] [REI] [REICommonPlugin START] Reloading Section: "reloadable-plugin/EntrySettingsAdapterRegistryImpl/" done in 630.9 μs
[20:33:58] [Server thread/TRACE] [REI] [REICommonPlugin START] Reloading Section: "reloadable-plugin/ItemComparatorRegistryImpl/"
[20:33:58] [Server thread/TRACE] [REI] [REICommonPlugin START] Reloading Section: "reloadable-plugin/ItemComparatorRegistryImpl/DefaultPlugin of DefaultPlugin [roughlyenoughitems]/"
[20:33:58] [Server thread/TRACE] [REI] [REICommonPlugin START] Reloading Section: "reloadable-plugin/ItemComparatorRegistryImpl/DefaultPlugin of DefaultPlugin [roughlyenoughitems]/" done in 733.2 μs
[20:33:58] [Server thread/TRACE] [REI] [REICommonPlugin START] Reloading Section: "reloadable-plugin/ItemComparatorRegistryImpl/FabricFluidAPISupportPlugin/"
[20:33:58] [Server thread/TRACE] [REI] [REICommonPlugin START] Reloading Section: "reloadable-plugin/ItemComparatorRegistryImpl/FabricFluidAPISupportPlugin/" done in 54.10 μs
[20:33:58] [Server thread/TRACE] [REI] [REICommonPlugin START] Reloading Section: "reloadable-plugin/ItemComparatorRegistryImpl/DefaultRuntimePlugin of DefaultRuntimePlugin [roughlyenoughitems]/"
[20:33:58] [Server thread/TRACE] [REI] [REICommonPlugin START] Reloading Section: "reloadable-plugin/ItemComparatorRegistryImpl/DefaultRuntimePlugin of DefaultRuntimePlugin [roughlyenoughitems]/" done in 60.23 μs
[20:33:58] [Server thread/TRACE] [REI] [REICommonPlugin START] Reloading Section: "reloadable-plugin/ItemComparatorRegistryImpl/" done in 1.278 ms
[20:33:58] [Server thread/TRACE] [REI] [REICommonPlugin START] Reloading Section: "reloadable-plugin/FluidComparatorRegistryImpl/"
[20:33:58] [Server thread/TRACE] [REI] [REICommonPlugin START] Reloading Section: "reloadable-plugin/FluidComparatorRegistryImpl/DefaultPlugin of DefaultPlugin [roughlyenoughitems]/"
[20:33:58] [Server thread/TRACE] [REI] [REICommonPlugin START] Reloading Section: "reloadable-plugin/FluidComparatorRegistryImpl/DefaultPlugin of DefaultPlugin [roughlyenoughitems]/" done in 64.53 μs
[20:33:58] [Server thread/TRACE] [REI] [REICommonPlugin START] Reloading Section: "reloadable-plugin/FluidComparatorRegistryImpl/FabricFluidAPISupportPlugin/"
[20:33:58] [Server thread/TRACE] [REI] [REICommonPlugin START] Reloading Section: "reloadable-plugin/FluidComparatorRegistryImpl/FabricFluidAPISupportPlugin/" done in 71.45 μs
[20:33:58] [Server thread/TRACE] [REI] [REICommonPlugin START] Reloading Section: "reloadable-plugin/FluidComparatorRegistryImpl/DefaultRuntimePlugin of DefaultRuntimePlugin [roughlyenoughitems]/"
[20:33:58] [Server thread/TRACE] [REI] [REICommonPlugin START] Reloading Section: "reloadable-plugin/FluidComparatorRegistryImpl/DefaultRuntimePlugin of DefaultRuntimePlugin [roughlyenoughitems]/" done in 45.54 μs
[20:33:58] [Server thread/TRACE] [REI] [REICommonPlugin START] Reloading Section: "reloadable-plugin/FluidComparatorRegistryImpl/" done in 624.8 μs
[20:33:58] [Server thread/TRACE] [REI] [REICommonPlugin START] Reloading Section: "reloadable-plugin/DisplaySerializerRegistryImpl/"
[20:33:58] [Server thread/TRACE] [REI] [REICommonPlugin START] Reloading Section: "reloadable-plugin/DisplaySerializerRegistryImpl/DefaultPlugin of DefaultPlugin [roughlyenoughitems]/"
[20:33:58] [Server thread/DEBUG] [REI] Added display serializer [minecraft:client/crafting/shaped] me.shedaniel.rei.api.common.display.DisplaySerializer$1@6b0a6380
[20:33:58] [Server thread/DEBUG] [REI] Added display serializer [minecraft:client/crafting/shapeless] me.shedaniel.rei.api.common.display.DisplaySerializer$1@429cc40
[20:33:58] [Server thread/DEBUG] [REI] Added display serializer [minecraft:client/smelting] me.shedaniel.rei.api.common.display.DisplaySerializer$1@3f3941c8
[20:33:58] [Server thread/DEBUG] [REI] Added display serializer [minecraft:client/smoking] me.shedaniel.rei.api.common.display.DisplaySerializer$1@55920922
[20:33:58] [Server thread/DEBUG] [REI] Added display serializer [minecraft:client/blasting] me.shedaniel.rei.api.common.display.DisplaySerializer$1@6edcf9ae
[20:33:58] [Server thread/DEBUG] [REI] Added display serializer [minecraft:default/crafting/shaped] me.shedaniel.rei.api.common.display.DisplaySerializer$1@1f693be
[20:33:58] [Server thread/DEBUG] [REI] Added display serializer [minecraft:default/crafting/shapeless] me.shedaniel.rei.api.common.display.DisplaySerializer$1@6328312f
[20:33:58] [Server thread/DEBUG] [REI] Added display serializer [minecraft:default/crafting/custom] me.shedaniel.rei.api.common.display.DisplaySerializer$1@5c8a8ca
[20:33:58] [Server thread/DEBUG] [REI] Added display serializer [minecraft:default/crafting/custom_shaped] me.shedaniel.rei.api.common.display.DisplaySerializer$1@1aef79d
[20:33:58] [Server thread/DEBUG] [REI] Added display serializer [minecraft:default/crafting/custom_shapeless] me.shedaniel.rei.api.common.display.DisplaySerializer$1@2fc1735a
[20:33:58] [Server thread/DEBUG] [REI] Added display serializer [minecraft:extension/crafting/map_extending] me.shedaniel.rei.api.common.display.DisplaySerializer$1@21ff752e
[20:33:58] [Server thread/DEBUG] [REI] Added display serializer [minecraft:default/smelting] me.shedaniel.rei.api.common.display.DisplaySerializer$1@1bfce06b
[20:33:58] [Server thread/DEBUG] [REI] Added display serializer [minecraft:default/smoking] me.shedaniel.rei.api.common.display.DisplaySerializer$1@5afdfe26
[20:33:58] [Server thread/DEBUG] [REI] Added display serializer [minecraft:default/blasting] me.shedaniel.rei.api.common.display.DisplaySerializer$1@40331732
[20:33:58] [Server thread/DEBUG] [REI] Added display serializer [minecraft:default/campfire] me.shedaniel.rei.api.common.display.DisplaySerializer$1@73c21f5f
[20:33:58] [Server thread/DEBUG] [REI] Added display serializer [minecraft:default/stone_cutting] me.shedaniel.rei.api.common.display.DisplaySerializer$1@6e25351d
[20:33:58] [Server thread/DEBUG] [REI] Added display serializer [minecraft:default/stripping] me.shedaniel.rei.api.common.display.DisplaySerializer$1@aff88d4
[20:33:58] [Server thread/DEBUG] [REI] Added display serializer [minecraft:default/brewing] me.shedaniel.rei.api.common.display.DisplaySerializer$1@11c29e70
[20:33:58] [Server thread/DEBUG] [REI] Added display serializer [minecraft:default/composting] me.shedaniel.rei.api.common.display.DisplaySerializer$1@4b9cc72c
[20:33:58] [Server thread/DEBUG] [REI] Added display serializer [minecraft:default/fuel] me.shedaniel.rei.api.common.display.DisplaySerializer$1@207c4574
[20:33:58] [Server thread/DEBUG] [REI] Added display serializer [minecraft:default/smithing] me.shedaniel.rei.api.common.display.DisplaySerializer$1@40e787b9
[20:33:58] [Server thread/DEBUG] [REI] Added display serializer [minecraft:default/anvil] me.shedaniel.rei.api.common.display.DisplaySerializer$1@6e1d5c14
[20:33:58] [Server thread/DEBUG] [REI] Added display serializer [minecraft:default/beacon_base] me.shedaniel.rei.api.common.display.DisplaySerializer$1@295add20
[20:33:58] [Server thread/DEBUG] [REI] Added display serializer [minecraft:default/beacon_payment] me.shedaniel.rei.api.common.display.DisplaySerializer$1@3ec18bc1
[20:33:58] [Server thread/DEBUG] [REI] Added display serializer [minecraft:default/tilling] me.shedaniel.rei.api.common.display.DisplaySerializer$1@5a0521bd
[20:33:58] [Server thread/DEBUG] [REI] Added display serializer [minecraft:default/pathing] me.shedaniel.rei.api.common.display.DisplaySerializer$1@50233fb
[20:33:58] [Server thread/DEBUG] [REI] Added display serializer [minecraft:default/waxing] me.shedaniel.rei.api.common.display.DisplaySerializer$1@a8680bb
[20:33:58] [Server thread/DEBUG] [REI] Added display serializer [minecraft:default/waxing_scraping] me.shedaniel.rei.api.common.display.DisplaySerializer$1@55b3da5c
[20:33:58] [Server thread/DEBUG] [REI] Added display serializer [minecraft:default/oxidizing] me.shedaniel.rei.api.common.display.DisplaySerializer$1@288f7520
[20:33:58] [Server thread/DEBUG] [REI] Added display serializer [minecraft:default/oxidizing_scraping] me.shedaniel.rei.api.common.display.DisplaySerializer$1@7cab02cf
[20:33:58] [Server thread/DEBUG] [REI] Added display serializer [roughlyenoughitems:default/information] me.shedaniel.rei.api.common.display.DisplaySerializer$1@5b03b380
[20:33:58] [Server thread/TRACE] [REI] [REICommonPlugin START] Reloading Section: "reloadable-plugin/DisplaySerializerRegistryImpl/DefaultPlugin of DefaultPlugin [roughlyenoughitems]/" done in 67.53 ms
[20:33:58] [Server thread/TRACE] [REI] [REICommonPlugin START] Reloading Section: "reloadable-plugin/DisplaySerializerRegistryImpl/FabricFluidAPISupportPlugin/"
[20:33:58] [Server thread/TRACE] [REI] [REICommonPlugin START] Reloading Section: "reloadable-plugin/DisplaySerializerRegistryImpl/FabricFluidAPISupportPlugin/" done in 88.57 μs
[20:33:58] [Server thread/TRACE] [REI] [REICommonPlugin START] Reloading Section: "reloadable-plugin/DisplaySerializerRegistryImpl/DefaultRuntimePlugin of DefaultRuntimePlugin [roughlyenoughitems]/"
[20:33:58] [Server thread/TRACE] [REI] [REICommonPlugin START] Reloading Section: "reloadable-plugin/DisplaySerializerRegistryImpl/DefaultRuntimePlugin of DefaultRuntimePlugin [roughlyenoughitems]/" done in 77.82 μs
[20:33:58] [Server thread/TRACE] [REI] [REICommonPlugin START] Reloading Section: "reloadable-plugin/DisplaySerializerRegistryImpl/" done in 68.18 ms
[20:33:58] [Server thread/TRACE] [REI] [REICommonPlugin START] Reloading Section: "reloadable-plugin/ServerDisplayRegistryImpl/"
[20:33:58] [Server thread/TRACE] [REI] [REICommonPlugin START] Reloading Section: "reloadable-plugin/ServerDisplayRegistryImpl/DefaultPlugin of DefaultPlugin [roughlyenoughitems]/"
[20:33:58] [Server thread/TRACE] [REI] [REICommonPlugin START] Reloading Section: "reloadable-plugin/ServerDisplayRegistryImpl/DefaultPlugin of DefaultPlugin [roughlyenoughitems]/" done in 46.74 μs
[20:33:58] [Server thread/TRACE] [REI] [REICommonPlugin START] Reloading Section: "reloadable-plugin/ServerDisplayRegistryImpl/FabricFluidAPISupportPlugin/"
[20:33:58] [Server thread/TRACE] [REI] [REICommonPlugin START] Reloading Section: "reloadable-plugin/ServerDisplayRegistryImpl/FabricFluidAPISupportPlugin/" done in 45.65 μs
[20:33:58] [Server thread/TRACE] [REI] [REICommonPlugin START] Reloading Section: "reloadable-plugin/ServerDisplayRegistryImpl/DefaultRuntimePlugin of DefaultRuntimePlugin [roughlyenoughitems]/"
[20:33:58] [Server thread/TRACE] [REI] [REICommonPlugin START] Reloading Section: "reloadable-plugin/ServerDisplayRegistryImpl/DefaultRuntimePlugin of DefaultRuntimePlugin [roughlyenoughitems]/" done in 89.75 μs
[20:33:58] [Server thread/TRACE] [REI] [REICommonPlugin START] Reloading Section: "reloadable-plugin/ServerDisplayRegistryImpl/" done in 564.8 μs
[20:33:58] [Server thread/TRACE] [REI] [REICommonPlugin START] Reloading Section: "reloadable-plugin/FluidSupportProviderImpl/"
[20:33:58] [Server thread/TRACE] [REI] [REICommonPlugin START] Reloading Section: "reloadable-plugin/FluidSupportProviderImpl/DefaultPlugin of DefaultPlugin [roughlyenoughitems]/"
[20:33:58] [Server thread/TRACE] [REI] [REICommonPlugin START] Reloading Section: "reloadable-plugin/FluidSupportProviderImpl/DefaultPlugin of DefaultPlugin [roughlyenoughitems]/" done in 405.2 μs
[20:33:58] [Server thread/TRACE] [REI] [REICommonPlugin START] Reloading Section: "reloadable-plugin/FluidSupportProviderImpl/FabricFluidAPISupportPlugin/"
[20:33:58] [Server thread/TRACE] [REI] [REICommonPlugin START] Reloading Section: "reloadable-plugin/FluidSupportProviderImpl/FabricFluidAPISupportPlugin/" done in 253.7 μs
[20:33:58] [Server thread/TRACE] [REI] [REICommonPlugin START] Reloading Section: "reloadable-plugin/FluidSupportProviderImpl/DefaultRuntimePlugin of DefaultRuntimePlugin [roughlyenoughitems]/"
[20:33:58] [Server thread/TRACE] [REI] [REICommonPlugin START] Reloading Section: "reloadable-plugin/FluidSupportProviderImpl/DefaultRuntimePlugin of DefaultRuntimePlugin [roughlyenoughitems]/" done in 67.10 μs
[20:33:58] [Server thread/TRACE] [REI] [REICommonPlugin START] Reloading Section: "reloadable-plugin/FluidSupportProviderImpl/" done in 1.133 ms
[20:33:58] [Server thread/DEBUG] [REI] ========================================
[20:33:58] [Server thread/DEBUG] [REI] REICommonPlugin ending main-reload for START.
[20:33:58] [Server thread/DEBUG] [REI] ========================================
[20:33:58] [Server thread/TRACE] [REI] [REICommonPlugin START] Reloading Section: "end-reload/"
[20:33:58] [Server thread/TRACE] [REI] [REICommonPlugin START] Reloading Section: "end-reload/SlotAccessorRegistryImpl/"
[20:33:58] [Server thread/TRACE] [REI] [REICommonPlugin START] Reloading Section: "end-reload/SlotAccessorRegistryImpl/" done in 58.81 μs
[20:33:58] [Server thread/TRACE] [REI] [REICommonPlugin START] Reloading Section: "end-reload/EntryTypeRegistryImpl/"
[20:33:58] [Server thread/TRACE] [REI] [REICommonPlugin START] Reloading Section: "end-reload/EntryTypeRegistryImpl/" done in 46.20 μs
[20:33:58] [Server thread/TRACE] [REI] [REICommonPlugin START] Reloading Section: "end-reload/EntrySettingsAdapterRegistryImpl/"
[20:33:58] [Server thread/TRACE] [REI] [REICommonPlugin START] Reloading Section: "end-reload/EntrySettingsAdapterRegistryImpl/" done in 38.25 μs
[20:33:58] [Server thread/TRACE] [REI] [REICommonPlugin START] Reloading Section: "end-reload/ItemComparatorRegistryImpl/"
[20:33:58] [Server thread/TRACE] [REI] [REICommonPlugin START] Reloading Section: "end-reload/ItemComparatorRegistryImpl/" done in 38.67 μs
[20:33:58] [Server thread/TRACE] [REI] [REICommonPlugin START] Reloading Section: "end-reload/FluidComparatorRegistryImpl/"
[20:33:58] [Server thread/TRACE] [REI] [REICommonPlugin START] Reloading Section: "end-reload/FluidComparatorRegistryImpl/" done in 33.56 μs
[20:33:58] [Server thread/TRACE] [REI] [REICommonPlugin START] Reloading Section: "end-reload/DisplaySerializerRegistryImpl/"
[20:33:58] [Server thread/TRACE] [REI] [REICommonPlugin START] Reloading Section: "end-reload/DisplaySerializerRegistryImpl/" done in 35.31 μs
[20:33:58] [Server thread/TRACE] [REI] [REICommonPlugin START] Reloading Section: "end-reload/ServerDisplayRegistryImpl/"
[20:33:58] [Server thread/TRACE] [REI] [REICommonPlugin START] Reloading Section: "end-reload/ServerDisplayRegistryImpl/" done in 36.11 μs
[20:33:58] [Server thread/TRACE] [REI] [REICommonPlugin START] Reloading Section: "end-reload/FluidSupportProviderImpl/"
[20:33:58] [Server thread/TRACE] [REI] [REICommonPlugin START] Reloading Section: "end-reload/FluidSupportProviderImpl/" done in 51.92 μs
[20:33:58] [Server thread/TRACE] [REI] [REICommonPlugin START] Reloading Section: "end-reload/" done in 1.083 ms
[20:33:58] [Server thread/DEBUG] [REI] ========================================
[20:33:58] [Server thread/DEBUG] [REI] REICommonPlugin ended main-reload for START in 96.06 ms.
[20:33:58] [Server thread/DEBUG] [REI] ========================================
[20:33:58] [Server thread/DEBUG] [REI] ========================================
[20:33:58] [Server thread/DEBUG] [REI] REICommonPlugin starting post-reload for START.
[20:33:58] [Server thread/DEBUG] [REI] Reloadables (8):
[20:33:58] [Server thread/DEBUG] [REI]  - SlotAccessorRegistryImpl
[20:33:58] [Server thread/DEBUG] [REI]  - EntryTypeRegistryImpl
[20:33:58] [Server thread/DEBUG] [REI]  - EntrySettingsAdapterRegistryImpl
[20:33:58] [Server thread/DEBUG] [REI]  - ItemComparatorRegistryImpl
[20:33:58] [Server thread/DEBUG] [REI]  - FluidComparatorRegistryImpl
[20:33:58] [Server thread/DEBUG] [REI]  - DisplaySerializerRegistryImpl
[20:33:58] [Server thread/DEBUG] [REI]  - ServerDisplayRegistryImpl
[20:33:58] [Server thread/DEBUG] [REI]  - FluidSupportProviderImpl
[20:33:58] [Server thread/DEBUG] [REI] Plugins (3):
[20:33:58] [Server thread/DEBUG] [REI]  - (-100.00) DefaultPlugin of DefaultPlugin [roughlyenoughitems]
[20:33:58] [Server thread/DEBUG] [REI]  - (0.00) FabricFluidAPISupportPlugin
[20:33:58] [Server thread/DEBUG] [REI]  - (0.00) DefaultRuntimePlugin of DefaultRuntimePlugin [roughlyenoughitems]
[20:33:58] [Server thread/DEBUG] [REI] ========================================
[20:33:58] [Server thread/TRACE] [REI] [REICommonPlugin START] Reloading Section: "post-register/"
[20:33:58] [Server thread/TRACE] [REI] [REICommonPlugin START] Reloading Section: "post-register/DefaultPlugin of DefaultPlugin [roughlyenoughitems]/"
[20:33:58] [Server thread/TRACE] [REI] [REICommonPlugin START] Reloading Section: "post-register/DefaultPlugin of DefaultPlugin [roughlyenoughitems]/" done in 226.1 μs
[20:33:58] [Server thread/TRACE] [REI] [REICommonPlugin START] Reloading Section: "post-register/FabricFluidAPISupportPlugin/"
[20:33:58] [Server thread/TRACE] [REI] [REICommonPlugin START] Reloading Section: "post-register/FabricFluidAPISupportPlugin/" done in 53.29 μs
[20:33:58] [Server thread/TRACE] [REI] [REICommonPlugin START] Reloading Section: "post-register/DefaultRuntimePlugin of DefaultRuntimePlugin [roughlyenoughitems]/"
[20:33:58] [Server thread/TRACE] [REI] [REICommonPlugin START] Reloading Section: "post-register/DefaultRuntimePlugin of DefaultRuntimePlugin [roughlyenoughitems]/" done in 39.48 μs
[20:33:58] [Server thread/TRACE] [REI] [REICommonPlugin START] Reloading Section: "post-register/" done in 911.4 μs
[20:33:58] [Server thread/TRACE] [REI] [REICommonPlugin START] Reloading Section: "post-stage/"
[20:33:58] [Server thread/TRACE] [REI] [REICommonPlugin START] Reloading Section: "post-stage/SlotAccessorRegistryImpl/"
[20:33:58] [Server thread/TRACE] [REI] [REICommonPlugin START] Reloading Section: "post-stage/SlotAccessorRegistryImpl/" done in 53.60 μs
[20:33:58] [Server thread/TRACE] [REI] [REICommonPlugin START] Reloading Section: "post-stage/EntryTypeRegistryImpl/"
[20:33:58] [Server thread/TRACE] [REI] [REICommonPlugin START] Reloading Section: "post-stage/EntryTypeRegistryImpl/" done in 28.08 μs
[20:33:58] [Server thread/TRACE] [REI] [REICommonPlugin START] Reloading Section: "post-stage/EntrySettingsAdapterRegistryImpl/"
[20:33:58] [Server thread/TRACE] [REI] [REICommonPlugin START] Reloading Section: "post-stage/EntrySettingsAdapterRegistryImpl/" done in 43.90 μs
[20:33:58] [Server thread/TRACE] [REI] [REICommonPlugin START] Reloading Section: "post-stage/ItemComparatorRegistryImpl/"
[20:33:58] [Server thread/TRACE] [REI] [REICommonPlugin START] Reloading Section: "post-stage/ItemComparatorRegistryImpl/" done in 61.39 μs
[20:33:58] [Server thread/TRACE] [REI] [REICommonPlugin START] Reloading Section: "post-stage/FluidComparatorRegistryImpl/"
[20:33:58] [Server thread/TRACE] [REI] [REICommonPlugin START] Reloading Section: "post-stage/FluidComparatorRegistryImpl/" done in 82.36 μs
[20:33:58] [Server thread/TRACE] [REI] [REICommonPlugin START] Reloading Section: "post-stage/DisplaySerializerRegistryImpl/"
[20:33:58] [Server thread/TRACE] [REI] [REICommonPlugin START] Reloading Section: "post-stage/DisplaySerializerRegistryImpl/" done in 39.18 μs
[20:33:58] [Server thread/TRACE] [REI] [REICommonPlugin START] Reloading Section: "post-stage/ServerDisplayRegistryImpl/"
[20:33:58] [Server thread/TRACE] [REI] [REICommonPlugin START] Reloading Section: "post-stage/ServerDisplayRegistryImpl/" done in 44.02 μs
[20:33:58] [Server thread/TRACE] [REI] [REICommonPlugin START] Reloading Section: "post-stage/FluidSupportProviderImpl/"
[20:33:58] [Server thread/TRACE] [REI] [REICommonPlugin START] Reloading Section: "post-stage/FluidSupportProviderImpl/" done in 44.74 μs
[20:33:58] [Server thread/TRACE] [REI] [REICommonPlugin START] Reloading Section: "post-stage/" done in 2.336 ms
[20:33:58] [Server thread/DEBUG] [REI] ========================================
[20:33:58] [Server thread/INFO] [REI] REICommonPlugin finished post-reload for START in 3.527 ms, totaling 111.1 ms.
[20:33:58] [Server thread/DEBUG] [REI] ========================================
[20:33:58] [Server thread/DEBUG] [REI] ========================================
[20:33:58] [Server thread/DEBUG] [REI] REICommonPlugin starting pre-reload for END.
[20:33:58] [Server thread/DEBUG] [REI] Reloadables (8):
[20:33:58] [Server thread/DEBUG] [REI]  - SlotAccessorRegistryImpl
[20:33:58] [Server thread/DEBUG] [REI]  - EntryTypeRegistryImpl
[20:33:58] [Server thread/DEBUG] [REI]  - EntrySettingsAdapterRegistryImpl
[20:33:58] [Server thread/DEBUG] [REI]  - ItemComparatorRegistryImpl
[20:33:58] [Server thread/DEBUG] [REI]  - FluidComparatorRegistryImpl
[20:33:58] [Server thread/DEBUG] [REI]  - DisplaySerializerRegistryImpl
[20:33:58] [Server thread/DEBUG] [REI]  - ServerDisplayRegistryImpl
[20:33:58] [Server thread/DEBUG] [REI]  - FluidSupportProviderImpl
[20:33:58] [Server thread/DEBUG] [REI] Plugins (3):
[20:33:58] [Server thread/DEBUG] [REI]  - (-100.00) DefaultPlugin of DefaultPlugin [roughlyenoughitems]
[20:33:58] [Server thread/DEBUG] [REI]  - (0.00) FabricFluidAPISupportPlugin
[20:33:58] [Server thread/DEBUG] [REI]  - (0.00) DefaultRuntimePlugin of DefaultRuntimePlugin [roughlyenoughitems]
[20:33:58] [Server thread/DEBUG] [REI] ========================================
[20:33:58] [Server thread/TRACE] [REI] [REICommonPlugin END] Reloading Section: "pre-register/"
[20:33:58] [Server thread/TRACE] [REI] [REICommonPlugin END] Reloading Section: "pre-register/DefaultPlugin of DefaultPlugin [roughlyenoughitems]/"
[20:33:58] [Server thread/TRACE] [REI] [REICommonPlugin END] Reloading Section: "pre-register/DefaultPlugin of DefaultPlugin [roughlyenoughitems]/" done in 46.42 μs
[20:33:58] [Server thread/TRACE] [REI] [REICommonPlugin END] Reloading Section: "pre-register/FabricFluidAPISupportPlugin/"
[20:33:58] [Server thread/TRACE] [REI] [REICommonPlugin END] Reloading Section: "pre-register/FabricFluidAPISupportPlugin/" done in 74.73 μs
[20:33:58] [Server thread/TRACE] [REI] [REICommonPlugin END] Reloading Section: "pre-register/DefaultRuntimePlugin of DefaultRuntimePlugin [roughlyenoughitems]/"
[20:33:58] [Server thread/TRACE] [REI] [REICommonPlugin END] Reloading Section: "pre-register/DefaultRuntimePlugin of DefaultRuntimePlugin [roughlyenoughitems]/" done in 61.35 μs
[20:33:58] [Server thread/TRACE] [REI] [REICommonPlugin END] Reloading Section: "pre-register/" done in 521.2 μs
[20:33:58] [Server thread/TRACE] [REI] [REICommonPlugin END] Reloading Section: "pre-stage/"
[20:33:58] [Server thread/TRACE] [REI] [REICommonPlugin END] Reloading Section: "pre-stage/SlotAccessorRegistryImpl/"
[20:33:58] [Server thread/TRACE] [REI] [REICommonPlugin END] Reloading Section: "pre-stage/SlotAccessorRegistryImpl/" done in 31.18 μs
[20:33:58] [Server thread/TRACE] [REI] [REICommonPlugin END] Reloading Section: "pre-stage/EntryTypeRegistryImpl/"
[20:33:58] [Server thread/TRACE] [REI] [REICommonPlugin END] Reloading Section: "pre-stage/EntryTypeRegistryImpl/" done in 30.58 μs
[20:33:58] [Server thread/TRACE] [REI] [REICommonPlugin END] Reloading Section: "pre-stage/EntrySettingsAdapterRegistryImpl/"
[20:33:58] [Server thread/TRACE] [REI] [REICommonPlugin END] Reloading Section: "pre-stage/EntrySettingsAdapterRegistryImpl/" done in 31.05 μs
[20:33:58] [Server thread/TRACE] [REI] [REICommonPlugin END] Reloading Section: "pre-stage/ItemComparatorRegistryImpl/"
[20:33:58] [Server thread/TRACE] [REI] [REICommonPlugin END] Reloading Section: "pre-stage/ItemComparatorRegistryImpl/" done in 28.47 μs
[20:33:58] [Server thread/TRACE] [REI] [REICommonPlugin END] Reloading Section: "pre-stage/FluidComparatorRegistryImpl/"
[20:33:58] [Server thread/TRACE] [REI] [REICommonPlugin END] Reloading Section: "pre-stage/FluidComparatorRegistryImpl/" done in 30.13 μs
[20:33:58] [Server thread/TRACE] [REI] [REICommonPlugin END] Reloading Section: "pre-stage/DisplaySerializerRegistryImpl/"
[20:33:58] [Server thread/TRACE] [REI] [REICommonPlugin END] Reloading Section: "pre-stage/DisplaySerializerRegistryImpl/" done in 31.24 μs
[20:33:58] [Server thread/TRACE] [REI] [REICommonPlugin END] Reloading Section: "pre-stage/ServerDisplayRegistryImpl/"
[20:33:58] [Server thread/TRACE] [REI] [REICommonPlugin END] Reloading Section: "pre-stage/ServerDisplayRegistryImpl/" done in 29.13 μs
[20:33:58] [Server thread/TRACE] [REI] [REICommonPlugin END] Reloading Section: "pre-stage/FluidSupportProviderImpl/"
[20:33:58] [Server thread/TRACE] [REI] [REICommonPlugin END] Reloading Section: "pre-stage/FluidSupportProviderImpl/" done in 31.04 μs
[20:33:58] [Server thread/TRACE] [REI] [REICommonPlugin END] Reloading Section: "pre-stage/" done in 838.3 μs
[20:33:58] [Server thread/DEBUG] [REI] ========================================
[20:33:58] [Server thread/DEBUG] [REI] REICommonPlugin finished pre-reload for END in 1.490 ms.
[20:33:58] [Server thread/DEBUG] [REI] ========================================
[20:33:58] [Server thread/INFO] [REI] @@@@@@@@@@@@@@@@@@@@@@@@@@@@@@@@@@@@@@@@
[20:33:58] [Server thread/INFO] [REI] REICommonPlugin starting main-reload for END.
[20:33:58] [Server thread/DEBUG] [REI] Reloadables (8):
[20:33:58] [Server thread/DEBUG] [REI]  - SlotAccessorRegistryImpl
[20:33:58] [Server thread/DEBUG] [REI]  - EntryTypeRegistryImpl
[20:33:58] [Server thread/DEBUG] [REI]  - EntrySettingsAdapterRegistryImpl
[20:33:58] [Server thread/DEBUG] [REI]  - ItemComparatorRegistryImpl
[20:33:58] [Server thread/DEBUG] [REI]  - FluidComparatorRegistryImpl
[20:33:58] [Server thread/DEBUG] [REI]  - DisplaySerializerRegistryImpl
[20:33:58] [Server thread/DEBUG] [REI]  - ServerDisplayRegistryImpl
[20:33:58] [Server thread/DEBUG] [REI]  - FluidSupportProviderImpl
[20:33:58] [Server thread/INFO] [REI] Plugins (3):
[20:33:58] [Server thread/INFO] [REI]  - (-100.00) DefaultPlugin of DefaultPlugin [roughlyenoughitems]
[20:33:58] [Server thread/INFO] [REI]  - (0.00) FabricFluidAPISupportPlugin
[20:33:58] [Server thread/INFO] [REI]  - (0.00) DefaultRuntimePlugin of DefaultRuntimePlugin [roughlyenoughitems]
[20:33:58] [Server thread/INFO] [REI] @@@@@@@@@@@@@@@@@@@@@@@@@@@@@@@@@@@@@@@@
[20:33:58] [Server thread/TRACE] [REI] [REICommonPlugin END] Reloading Section: "start-reload/"
[20:33:58] [Server thread/TRACE] [REI] [REICommonPlugin END] Reloading Section: "start-reload/SlotAccessorRegistryImpl/"
[20:33:58] [Server thread/TRACE] [REI] [REICommonPlugin END] Reloading Section: "start-reload/SlotAccessorRegistryImpl/" done in 42.63 μs
[20:33:58] [Server thread/TRACE] [REI] [REICommonPlugin END] Reloading Section: "start-reload/EntryTypeRegistryImpl/"
[20:33:58] [Server thread/TRACE] [REI] [REICommonPlugin END] Reloading Section: "start-reload/EntryTypeRegistryImpl/" done in 30.33 μs
[20:33:58] [Server thread/TRACE] [REI] [REICommonPlugin END] Reloading Section: "start-reload/EntrySettingsAdapterRegistryImpl/"
[20:33:58] [Server thread/TRACE] [REI] [REICommonPlugin END] Reloading Section: "start-reload/EntrySettingsAdapterRegistryImpl/" done in 33.78 μs
[20:33:58] [Server thread/TRACE] [REI] [REICommonPlugin END] Reloading Section: "start-reload/ItemComparatorRegistryImpl/"
[20:33:58] [Server thread/TRACE] [REI] [REICommonPlugin END] Reloading Section: "start-reload/ItemComparatorRegistryImpl/" done in 36.53 μs
[20:33:58] [Server thread/TRACE] [REI] [REICommonPlugin END] Reloading Section: "start-reload/FluidComparatorRegistryImpl/"
[20:33:58] [Server thread/TRACE] [REI] [REICommonPlugin END] Reloading Section: "start-reload/FluidComparatorRegistryImpl/" done in 30.08 μs
[20:33:58] [Server thread/TRACE] [REI] [REICommonPlugin END] Reloading Section: "start-reload/DisplaySerializerRegistryImpl/"
[20:33:58] [Server thread/TRACE] [REI] [REICommonPlugin END] Reloading Section: "start-reload/DisplaySerializerRegistryImpl/" done in 50.72 μs
[20:33:58] [Server thread/TRACE] [REI] [REICommonPlugin END] Reloading Section: "start-reload/ServerDisplayRegistryImpl/"
[20:33:58] [Server thread/TRACE] [REI] [REICommonPlugin END] Reloading Section: "start-reload/ServerDisplayRegistryImpl/" done in 217.6 μs
[20:33:58] [Server thread/TRACE] [REI] [REICommonPlugin END] Reloading Section: "start-reload/FluidSupportProviderImpl/"
[20:33:58] [Server thread/TRACE] [REI] [REICommonPlugin END] Reloading Section: "start-reload/FluidSupportProviderImpl/" done in 29.90 μs
[20:33:58] [Server thread/TRACE] [REI] [REICommonPlugin END] Reloading Section: "start-reload/" done in 1.139 ms
[20:33:58] [Server thread/DEBUG] [REI] ========================================
[20:33:58] [Server thread/DEBUG] [REI] REICommonPlugin started main-reload for END.
[20:33:58] [Server thread/DEBUG] [REI] ========================================
[20:33:58] [Server thread/TRACE] [REI] [REICommonPlugin END] Reloading Section: "reloadable-plugin/SlotAccessorRegistryImpl/"
[20:33:58] [Server thread/TRACE] [REI] [REICommonPlugin END] Reloading Section: "reloadable-plugin/SlotAccessorRegistryImpl/DefaultPlugin of DefaultPlugin [roughlyenoughitems]/"
[20:33:58] [Server thread/TRACE] [REI] [REICommonPlugin END] Reloading Section: "reloadable-plugin/SlotAccessorRegistryImpl/DefaultPlugin of DefaultPlugin [roughlyenoughitems]/" done in 67.02 μs
[20:33:58] [Server thread/TRACE] [REI] [REICommonPlugin END] Reloading Section: "reloadable-plugin/SlotAccessorRegistryImpl/FabricFluidAPISupportPlugin/"
[20:33:58] [Server thread/TRACE] [REI] [REICommonPlugin END] Reloading Section: "reloadable-plugin/SlotAccessorRegistryImpl/FabricFluidAPISupportPlugin/" done in 43.13 μs
[20:33:58] [Server thread/TRACE] [REI] [REICommonPlugin END] Reloading Section: "reloadable-plugin/SlotAccessorRegistryImpl/DefaultRuntimePlugin of DefaultRuntimePlugin [roughlyenoughitems]/"
[20:33:58] [Server thread/DEBUG] [REI] Added slot accessor serializer: me.shedaniel.rei.plugin.common.runtime.DefaultRuntimePlugin$1@7841ef5e [roughlyenoughitems:vanilla]
[20:33:58] [Server thread/DEBUG] [REI] Added slot accessor serializer: me.shedaniel.rei.plugin.common.runtime.DefaultRuntimePlugin$2@1ecefed [roughlyenoughitems:player]
[20:33:58] [Server thread/TRACE] [REI] [REICommonPlugin END] Reloading Section: "reloadable-plugin/SlotAccessorRegistryImpl/DefaultRuntimePlugin of DefaultRuntimePlugin [roughlyenoughitems]/" done in 2.379 ms
[20:33:58] [Server thread/TRACE] [REI] [REICommonPlugin END] Reloading Section: "reloadable-plugin/SlotAccessorRegistryImpl/" done in 2.853 ms
[20:33:58] [Server thread/TRACE] [REI] [REICommonPlugin END] Reloading Section: "reloadable-plugin/EntryTypeRegistryImpl/"
[20:33:58] [Server thread/TRACE] [REI] [REICommonPlugin END] Reloading Section: "reloadable-plugin/EntryTypeRegistryImpl/DefaultPlugin of DefaultPlugin [roughlyenoughitems]/"
[20:33:58] [Server thread/TRACE] [REI] [REICommonPlugin END] Reloading Section: "reloadable-plugin/EntryTypeRegistryImpl/DefaultPlugin of DefaultPlugin [roughlyenoughitems]/" done in 49.21 μs
[20:33:58] [Server thread/TRACE] [REI] [REICommonPlugin END] Reloading Section: "reloadable-plugin/EntryTypeRegistryImpl/FabricFluidAPISupportPlugin/"
[20:33:58] [Server thread/TRACE] [REI] [REICommonPlugin END] Reloading Section: "reloadable-plugin/EntryTypeRegistryImpl/FabricFluidAPISupportPlugin/" done in 42.22 μs
[20:33:58] [Server thread/TRACE] [REI] [REICommonPlugin END] Reloading Section: "reloadable-plugin/EntryTypeRegistryImpl/DefaultRuntimePlugin of DefaultRuntimePlugin [roughlyenoughitems]/"
[20:33:58] [Server thread/TRACE] [REI] [REICommonPlugin END] Reloading Section: "reloadable-plugin/EntryTypeRegistryImpl/DefaultRuntimePlugin of DefaultRuntimePlugin [roughlyenoughitems]/" done in 54.47 μs
[20:33:58] [Server thread/TRACE] [REI] [REICommonPlugin END] Reloading Section: "reloadable-plugin/EntryTypeRegistryImpl/" done in 505.0 μs
[20:33:58] [Server thread/TRACE] [REI] [REICommonPlugin END] Reloading Section: "reloadable-plugin/EntrySettingsAdapterRegistryImpl/"
[20:33:58] [Server thread/TRACE] [REI] [REICommonPlugin END] Reloading Section: "reloadable-plugin/EntrySettingsAdapterRegistryImpl/DefaultPlugin of DefaultPlugin [roughlyenoughitems]/"
[20:33:58] [Server thread/TRACE] [REI] [REICommonPlugin END] Reloading Section: "reloadable-plugin/EntrySettingsAdapterRegistryImpl/DefaultPlugin of DefaultPlugin [roughlyenoughitems]/" done in 86.29 μs
[20:33:58] [Server thread/TRACE] [REI] [REICommonPlugin END] Reloading Section: "reloadable-plugin/EntrySettingsAdapterRegistryImpl/FabricFluidAPISupportPlugin/"
[20:33:58] [Server thread/TRACE] [REI] [REICommonPlugin END] Reloading Section: "reloadable-plugin/EntrySettingsAdapterRegistryImpl/FabricFluidAPISupportPlugin/" done in 77.74 μs
[20:33:58] [Server thread/TRACE] [REI] [REICommonPlugin END] Reloading Section: "reloadable-plugin/EntrySettingsAdapterRegistryImpl/DefaultRuntimePlugin of DefaultRuntimePlugin [roughlyenoughitems]/"
[20:33:58] [Server thread/TRACE] [REI] [REICommonPlugin END] Reloading Section: "reloadable-plugin/EntrySettingsAdapterRegistryImpl/DefaultRuntimePlugin of DefaultRuntimePlugin [roughlyenoughitems]/" done in 70.47 μs
[20:33:58] [Server thread/TRACE] [REI] [REICommonPlugin END] Reloading Section: "reloadable-plugin/EntrySettingsAdapterRegistryImpl/" done in 667.3 μs
[20:33:58] [Server thread/TRACE] [REI] [REICommonPlugin END] Reloading Section: "reloadable-plugin/ItemComparatorRegistryImpl/"
[20:33:58] [Server thread/TRACE] [REI] [REICommonPlugin END] Reloading Section: "reloadable-plugin/ItemComparatorRegistryImpl/DefaultPlugin of DefaultPlugin [roughlyenoughitems]/"
[20:33:58] [Server thread/TRACE] [REI] [REICommonPlugin END] Reloading Section: "reloadable-plugin/ItemComparatorRegistryImpl/DefaultPlugin of DefaultPlugin [roughlyenoughitems]/" done in 60.87 μs
[20:33:58] [Server thread/TRACE] [REI] [REICommonPlugin END] Reloading Section: "reloadable-plugin/ItemComparatorRegistryImpl/FabricFluidAPISupportPlugin/"
[20:33:58] [Server thread/TRACE] [REI] [REICommonPlugin END] Reloading Section: "reloadable-plugin/ItemComparatorRegistryImpl/FabricFluidAPISupportPlugin/" done in 66.41 μs
[20:33:58] [Server thread/TRACE] [REI] [REICommonPlugin END] Reloading Section: "reloadable-plugin/ItemComparatorRegistryImpl/DefaultRuntimePlugin of DefaultRuntimePlugin [roughlyenoughitems]/"
[20:33:58] [Server thread/TRACE] [REI] [REICommonPlugin END] Reloading Section: "reloadable-plugin/ItemComparatorRegistryImpl/DefaultRuntimePlugin of DefaultRuntimePlugin [roughlyenoughitems]/" done in 61.44 μs
[20:33:58] [Server thread/TRACE] [REI] [REICommonPlugin END] Reloading Section: "reloadable-plugin/ItemComparatorRegistryImpl/" done in 573.5 μs
[20:33:58] [Server thread/TRACE] [REI] [REICommonPlugin END] Reloading Section: "reloadable-plugin/FluidComparatorRegistryImpl/"
[20:33:58] [Server thread/TRACE] [REI] [REICommonPlugin END] Reloading Section: "reloadable-plugin/FluidComparatorRegistryImpl/DefaultPlugin of DefaultPlugin [roughlyenoughitems]/"
[20:33:58] [Server thread/TRACE] [REI] [REICommonPlugin END] Reloading Section: "reloadable-plugin/FluidComparatorRegistryImpl/DefaultPlugin of DefaultPlugin [roughlyenoughitems]/" done in 66.87 μs
[20:33:58] [Server thread/TRACE] [REI] [REICommonPlugin END] Reloading Section: "reloadable-plugin/FluidComparatorRegistryImpl/FabricFluidAPISupportPlugin/"
[20:33:58] [Server thread/TRACE] [REI] [REICommonPlugin END] Reloading Section: "reloadable-plugin/FluidComparatorRegistryImpl/FabricFluidAPISupportPlugin/" done in 54.94 μs
[20:33:58] [Server thread/TRACE] [REI] [REICommonPlugin END] Reloading Section: "reloadable-plugin/FluidComparatorRegistryImpl/DefaultRuntimePlugin of DefaultRuntimePlugin [roughlyenoughitems]/"
[20:33:58] [Server thread/TRACE] [REI] [REICommonPlugin END] Reloading Section: "reloadable-plugin/FluidComparatorRegistryImpl/DefaultRuntimePlugin of DefaultRuntimePlugin [roughlyenoughitems]/" done in 70.08 μs
[20:33:58] [Server thread/TRACE] [REI] [REICommonPlugin END] Reloading Section: "reloadable-plugin/FluidComparatorRegistryImpl/" done in 630.5 μs
[20:33:58] [Server thread/TRACE] [REI] [REICommonPlugin END] Reloading Section: "reloadable-plugin/DisplaySerializerRegistryImpl/"
[20:33:58] [Server thread/TRACE] [REI] [REICommonPlugin END] Reloading Section: "reloadable-plugin/DisplaySerializerRegistryImpl/DefaultPlugin of DefaultPlugin [roughlyenoughitems]/"
[20:33:58] [Server thread/TRACE] [REI] [REICommonPlugin END] Reloading Section: "reloadable-plugin/DisplaySerializerRegistryImpl/DefaultPlugin of DefaultPlugin [roughlyenoughitems]/" done in 62.41 μs
[20:33:58] [Server thread/TRACE] [REI] [REICommonPlugin END] Reloading Section: "reloadable-plugin/DisplaySerializerRegistryImpl/FabricFluidAPISupportPlugin/"
[20:33:58] [Server thread/TRACE] [REI] [REICommonPlugin END] Reloading Section: "reloadable-plugin/DisplaySerializerRegistryImpl/FabricFluidAPISupportPlugin/" done in 61.08 μs
[20:33:58] [Server thread/TRACE] [REI] [REICommonPlugin END] Reloading Section: "reloadable-plugin/DisplaySerializerRegistryImpl/DefaultRuntimePlugin of DefaultRuntimePlugin [roughlyenoughitems]/"
[20:33:58] [Server thread/TRACE] [REI] [REICommonPlugin END] Reloading Section: "reloadable-plugin/DisplaySerializerRegistryImpl/DefaultRuntimePlugin of DefaultRuntimePlugin [roughlyenoughitems]/" done in 46.15 μs
[20:33:58] [Server thread/TRACE] [REI] [REICommonPlugin END] Reloading Section: "reloadable-plugin/DisplaySerializerRegistryImpl/" done in 594.9 μs
[20:33:58] [Server thread/TRACE] [REI] [REICommonPlugin END] Reloading Section: "reloadable-plugin/ServerDisplayRegistryImpl/"
[20:33:58] [Server thread/TRACE] [REI] [REICommonPlugin END] Reloading Section: "reloadable-plugin/ServerDisplayRegistryImpl/DefaultPlugin of DefaultPlugin [roughlyenoughitems]/"
[20:33:58] [Server thread/DEBUG] [REI] Added display filter: me.shedaniel.rei.api.common.registry.display.DisplayConsumer$RecipeManagerConsumer$RecipeFillerBuilder$$Lambda/0x00007b85e1159ae0@6bcf7418
[20:33:58] [Server thread/DEBUG] [REI] Added display filter: me.shedaniel.rei.api.common.registry.display.DisplayConsumer$RecipeManagerConsumer$RecipeFillerBuilder$$Lambda/0x00007b85e1159ae0@c543e3b
[20:33:58] [Server thread/DEBUG] [REI] Added display filter: me.shedaniel.rei.api.common.registry.display.DisplayConsumer$RecipeManagerConsumer$RecipeFillerBuilder$$Lambda/0x00007b85e1159ae0@7d0df532
[20:33:58] [Server thread/DEBUG] [REI] Added display filter: me.shedaniel.rei.api.common.registry.display.DisplayConsumer$RecipeManagerConsumer$RecipeFillerBuilder$$Lambda/0x00007b85e1159ae0@1ffeb89a
[20:33:58] [Server thread/DEBUG] [REI] Added display filter: me.shedaniel.rei.api.common.registry.display.DisplayConsumer$RecipeManagerConsumer$RecipeFillerBuilder$$Lambda/0x00007b85e1159ae0@71dfae4c
[20:33:58] [Server thread/DEBUG] [REI] Added display filter: me.shedaniel.rei.api.common.registry.display.DisplayConsumer$RecipeManagerConsumer$RecipeFillerBuilder$$Lambda/0x00007b85e1159ae0@1e944731
[20:33:58] [Server thread/DEBUG] [REI] Added display filter: me.shedaniel.rei.api.common.registry.display.DisplayConsumer$RecipeManagerConsumer$RecipeFillerBuilder$$Lambda/0x00007b85e1159ae0@3a6f008d
[20:33:58] [Server thread/DEBUG] [REI] Added display filter: me.shedaniel.rei.api.common.registry.display.DisplayConsumer$RecipeManagerConsumer$RecipeFillerBuilder$$Lambda/0x00007b85e115b0c8@55b88b30
[20:33:58] [Server thread/DEBUG] [REI] Added display filter: me.shedaniel.rei.api.common.registry.display.DisplayConsumer$RecipeManagerConsumer$RecipeFillerBuilder$$Lambda/0x00007b85e115b0c8@158bf8c5
[20:33:58] [Server thread/DEBUG] [REI] Added display filter: me.shedaniel.rei.api.common.registry.display.DisplayConsumer$RecipeManagerConsumer$RecipeFillerBuilder$$Lambda/0x00007b85e115b0c8@6267d433
[20:33:58] [Server thread/DEBUG] [REI] Added display filter: me.shedaniel.rei.api.common.registry.display.DisplayConsumer$RecipeManagerConsumer$RecipeFillerBuilder$$Lambda/0x00007b85e115b0c8@79bc2a6a
[20:33:58] [Server thread/DEBUG] [REI] Added display filter: me.shedaniel.rei.api.common.registry.display.DisplayConsumer$RecipeManagerConsumer$RecipeFillerBuilder$$Lambda/0x00007b85e115b0c8@68ccdf66
[20:33:58] [Server thread/DEBUG] [REI] Added display filter: me.shedaniel.rei.api.common.registry.display.DisplayConsumer$RecipeManagerConsumer$RecipeFillerBuilder$$Lambda/0x00007b85e115b0c8@224b4f6a
[20:33:58] [Server thread/DEBUG] [REI] Added display filter: me.shedaniel.rei.api.common.registry.display.DisplayConsumer$RecipeManagerConsumer$RecipeFillerBuilder$$Lambda/0x00007b85e115b0c8@7e51d15c
[20:33:58] [Server thread/DEBUG] [REI] Added display filter: me.shedaniel.rei.api.common.registry.display.DisplayConsumer$RecipeManagerConsumer$RecipeFillerBuilder$$Lambda/0x00007b85e115b0c8@66a64b86
[20:33:58] [Server thread/DEBUG] [REI] Added display filter: me.shedaniel.rei.api.common.registry.display.DisplayConsumer$RecipeManagerConsumer$RecipeFillerBuilder$$Lambda/0x00007b85e115b0c8@689f9fdb
[20:33:58] [Server thread/TRACE] [REI] [REICommonPlugin END] Reloading Section: "reloadable-plugin/ServerDisplayRegistryImpl/DefaultPlugin of DefaultPlugin [roughlyenoughitems]/" done in 5.440 ms
[20:33:58] [Server thread/TRACE] [REI] [REICommonPlugin END] Reloading Section: "reloadable-plugin/ServerDisplayRegistryImpl/FabricFluidAPISupportPlugin/"
[20:33:58] [Server thread/TRACE] [REI] [REICommonPlugin END] Reloading Section: "reloadable-plugin/ServerDisplayRegistryImpl/FabricFluidAPISupportPlugin/" done in 105.6 μs
[20:33:58] [Server thread/TRACE] [REI] [REICommonPlugin END] Reloading Section: "reloadable-plugin/ServerDisplayRegistryImpl/DefaultRuntimePlugin of DefaultRuntimePlugin [roughlyenoughitems]/"
[20:33:58] [Server thread/TRACE] [REI] [REICommonPlugin END] Reloading Section: "reloadable-plugin/ServerDisplayRegistryImpl/DefaultRuntimePlugin of DefaultRuntimePlugin [roughlyenoughitems]/" done in 74.75 μs
[20:33:58] [Server thread/TRACE] [REI] [REICommonPlugin END] Reloading Section: "reloadable-plugin/ServerDisplayRegistryImpl/" done in 6.096 ms
[20:33:58] [Server thread/TRACE] [REI] [REICommonPlugin END] Reloading Section: "reloadable-plugin/FluidSupportProviderImpl/"
[20:33:58] [Server thread/TRACE] [REI] [REICommonPlugin END] Reloading Section: "reloadable-plugin/FluidSupportProviderImpl/DefaultPlugin of DefaultPlugin [roughlyenoughitems]/"
[20:33:58] [Server thread/TRACE] [REI] [REICommonPlugin END] Reloading Section: "reloadable-plugin/FluidSupportProviderImpl/DefaultPlugin of DefaultPlugin [roughlyenoughitems]/" done in 48.58 μs
[20:33:58] [Server thread/TRACE] [REI] [REICommonPlugin END] Reloading Section: "reloadable-plugin/FluidSupportProviderImpl/FabricFluidAPISupportPlugin/"
[20:33:58] [Server thread/TRACE] [REI] [REICommonPlugin END] Reloading Section: "reloadable-plugin/FluidSupportProviderImpl/FabricFluidAPISupportPlugin/" done in 40.75 μs
[20:33:58] [Server thread/TRACE] [REI] [REICommonPlugin END] Reloading Section: "reloadable-plugin/FluidSupportProviderImpl/DefaultRuntimePlugin of DefaultRuntimePlugin [roughlyenoughitems]/"
[20:33:58] [Server thread/TRACE] [REI] [REICommonPlugin END] Reloading Section: "reloadable-plugin/FluidSupportProviderImpl/DefaultRuntimePlugin of DefaultRuntimePlugin [roughlyenoughitems]/" done in 36.23 μs
[20:33:58] [Server thread/TRACE] [REI] [REICommonPlugin END] Reloading Section: "reloadable-plugin/FluidSupportProviderImpl/" done in 425.6 μs
[20:33:58] [Server thread/DEBUG] [REI] ========================================
[20:33:58] [Server thread/DEBUG] [REI] REICommonPlugin ending main-reload for END.
[20:33:58] [Server thread/DEBUG] [REI] ========================================
[20:33:58] [Server thread/TRACE] [REI] [REICommonPlugin END] Reloading Section: "end-reload/"
[20:33:58] [Server thread/TRACE] [REI] [REICommonPlugin END] Reloading Section: "end-reload/SlotAccessorRegistryImpl/"
[20:33:58] [Server thread/DEBUG] [REI] Registered 2 slot accessor serializers
[20:33:58] [Server thread/TRACE] [REI] [REICommonPlugin END] Reloading Section: "end-reload/SlotAccessorRegistryImpl/" done in 116.1 μs
[20:33:58] [Server thread/TRACE] [REI] [REICommonPlugin END] Reloading Section: "end-reload/EntryTypeRegistryImpl/"
[20:33:58] [Server thread/TRACE] [REI] [REICommonPlugin END] Reloading Section: "end-reload/EntryTypeRegistryImpl/" done in 34.21 μs
[20:33:58] [Server thread/TRACE] [REI] [REICommonPlugin END] Reloading Section: "end-reload/EntrySettingsAdapterRegistryImpl/"
[20:33:58] [Server thread/TRACE] [REI] [REICommonPlugin END] Reloading Section: "end-reload/EntrySettingsAdapterRegistryImpl/" done in 27.86 μs
[20:33:58] [Server thread/TRACE] [REI] [REICommonPlugin END] Reloading Section: "end-reload/ItemComparatorRegistryImpl/"
[20:33:58] [Server thread/TRACE] [REI] [REICommonPlugin END] Reloading Section: "end-reload/ItemComparatorRegistryImpl/" done in 33.73 μs
[20:33:58] [Server thread/TRACE] [REI] [REICommonPlugin END] Reloading Section: "end-reload/FluidComparatorRegistryImpl/"
[20:33:58] [Server thread/TRACE] [REI] [REICommonPlugin END] Reloading Section: "end-reload/FluidComparatorRegistryImpl/" done in 29.56 μs
[20:33:58] [Server thread/TRACE] [REI] [REICommonPlugin END] Reloading Section: "end-reload/DisplaySerializerRegistryImpl/"
[20:33:58] [Server thread/TRACE] [REI] [REICommonPlugin END] Reloading Section: "end-reload/DisplaySerializerRegistryImpl/" done in 30.50 μs
[20:33:58] [Server thread/TRACE] [REI] [REICommonPlugin END] Reloading Section: "end-reload/ServerDisplayRegistryImpl/"
[20:33:58] [Server thread/DEBUG] [REI] Found preliminary 0 displays
[20:33:59] [Server thread/DEBUG] [REI] Filled 2262 displays from recipe manager in 110.2 ms
[20:33:59] [Server thread/TRACE] [REI] [REICommonPlugin END] Reloading Section: "end-reload/ServerDisplayRegistryImpl/" done in 110.7 ms
[20:33:59] [Server thread/TRACE] [REI] [REICommonPlugin END] Reloading Section: "end-reload/FluidSupportProviderImpl/"
[20:33:59] [Server thread/TRACE] [REI] [REICommonPlugin END] Reloading Section: "end-reload/FluidSupportProviderImpl/" done in 120.5 μs
[20:33:59] [Server thread/TRACE] [REI] [REICommonPlugin END] Reloading Section: "end-reload/" done in 111.9 ms
[20:33:59] [Server thread/DEBUG] [REI] ========================================
[20:33:59] [Server thread/DEBUG] [REI] REICommonPlugin ended main-reload for END in 128.2 ms.
[20:33:59] [Server thread/DEBUG] [REI] ========================================
[20:33:59] [Server thread/DEBUG] [REI] ========================================
[20:33:59] [Server thread/DEBUG] [REI] REICommonPlugin starting post-reload for END.
[20:33:59] [Server thread/DEBUG] [REI] Reloadables (8):
[20:33:59] [Server thread/DEBUG] [REI]  - SlotAccessorRegistryImpl
[20:33:59] [Server thread/DEBUG] [REI]  - EntryTypeRegistryImpl
[20:33:59] [Server thread/DEBUG] [REI]  - EntrySettingsAdapterRegistryImpl
[20:33:59] [Server thread/DEBUG] [REI]  - ItemComparatorRegistryImpl
[20:33:59] [Server thread/DEBUG] [REI]  - FluidComparatorRegistryImpl
[20:33:59] [Server thread/DEBUG] [REI]  - DisplaySerializerRegistryImpl
[20:33:59] [Server thread/DEBUG] [REI]  - ServerDisplayRegistryImpl
[20:33:59] [Server thread/DEBUG] [REI]  - FluidSupportProviderImpl
[20:33:59] [Server thread/DEBUG] [REI] Plugins (3):
[20:33:59] [Server thread/DEBUG] [REI]  - (-100.00) DefaultPlugin of DefaultPlugin [roughlyenoughitems]
[20:33:59] [Server thread/DEBUG] [REI]  - (0.00) FabricFluidAPISupportPlugin
[20:33:59] [Server thread/DEBUG] [REI]  - (0.00) DefaultRuntimePlugin of DefaultRuntimePlugin [roughlyenoughitems]
[20:33:59] [Server thread/DEBUG] [REI] ========================================
[20:33:59] [Server thread/TRACE] [REI] [REICommonPlugin END] Reloading Section: "post-register/"
[20:33:59] [Server thread/TRACE] [REI] [REICommonPlugin END] Reloading Section: "post-register/DefaultPlugin of DefaultPlugin [roughlyenoughitems]/"
[20:33:59] [Server thread/TRACE] [REI] [REICommonPlugin END] Reloading Section: "post-register/DefaultPlugin of DefaultPlugin [roughlyenoughitems]/" done in 59.02 μs
[20:33:59] [Server thread/TRACE] [REI] [REICommonPlugin END] Reloading Section: "post-register/FabricFluidAPISupportPlugin/"
[20:33:59] [Server thread/TRACE] [REI] [REICommonPlugin END] Reloading Section: "post-register/FabricFluidAPISupportPlugin/" done in 50.09 μs
[20:33:59] [Server thread/TRACE] [REI] [REICommonPlugin END] Reloading Section: "post-register/DefaultRuntimePlugin of DefaultRuntimePlugin [roughlyenoughitems]/"
[20:33:59] [Server thread/TRACE] [REI] [REICommonPlugin END] Reloading Section: "post-register/DefaultRuntimePlugin of DefaultRuntimePlugin [roughlyenoughitems]/" done in 55.46 μs
[20:33:59] [Server thread/TRACE] [REI] [REICommonPlugin END] Reloading Section: "post-register/" done in 497.0 μs
[20:33:59] [Server thread/TRACE] [REI] [REICommonPlugin END] Reloading Section: "post-stage/"
[20:33:59] [Server thread/TRACE] [REI] [REICommonPlugin END] Reloading Section: "post-stage/SlotAccessorRegistryImpl/"
[20:33:59] [Server thread/TRACE] [REI] [REICommonPlugin END] Reloading Section: "post-stage/SlotAccessorRegistryImpl/" done in 45.16 μs
[20:33:59] [Server thread/TRACE] [REI] [REICommonPlugin END] Reloading Section: "post-stage/EntryTypeRegistryImpl/"
[20:33:59] [Server thread/TRACE] [REI] [REICommonPlugin END] Reloading Section: "post-stage/EntryTypeRegistryImpl/" done in 42.88 μs
[20:33:59] [Server thread/TRACE] [REI] [REICommonPlugin END] Reloading Section: "post-stage/EntrySettingsAdapterRegistryImpl/"
[20:33:59] [Server thread/TRACE] [REI] [REICommonPlugin END] Reloading Section: "post-stage/EntrySettingsAdapterRegistryImpl/" done in 39.94 μs
[20:33:59] [Server thread/TRACE] [REI] [REICommonPlugin END] Reloading Section: "post-stage/ItemComparatorRegistryImpl/"
[20:33:59] [Server thread/TRACE] [REI] [REICommonPlugin END] Reloading Section: "post-stage/ItemComparatorRegistryImpl/" done in 42.26 μs
[20:33:59] [Server thread/TRACE] [REI] [REICommonPlugin END] Reloading Section: "post-stage/FluidComparatorRegistryImpl/"
[20:33:59] [Server thread/TRACE] [REI] [REICommonPlugin END] Reloading Section: "post-stage/FluidComparatorRegistryImpl/" done in 43.96 μs
[20:33:59] [Server thread/TRACE] [REI] [REICommonPlugin END] Reloading Section: "post-stage/DisplaySerializerRegistryImpl/"
[20:33:59] [Server thread/TRACE] [REI] [REICommonPlugin END] Reloading Section: "post-stage/DisplaySerializerRegistryImpl/" done in 45.98 μs
[20:33:59] [Server thread/TRACE] [REI] [REICommonPlugin END] Reloading Section: "post-stage/ServerDisplayRegistryImpl/"
[20:33:59] [Server thread/TRACE] [REI] [REICommonPlugin END] Reloading Section: "post-stage/ServerDisplayRegistryImpl/" done in 54.46 μs
[20:33:59] [Server thread/TRACE] [REI] [REICommonPlugin END] Reloading Section: "post-stage/FluidSupportProviderImpl/"
[20:33:59] [Server thread/TRACE] [REI] [REICommonPlugin END] Reloading Section: "post-stage/FluidSupportProviderImpl/" done in 50.17 μs
[20:33:59] [Server thread/TRACE] [REI] [REICommonPlugin END] Reloading Section: "post-stage/" done in 1.232 ms
[20:33:59] [Server thread/DEBUG] [REI] ========================================
[20:33:59] [Server thread/INFO] [REI] REICommonPlugin finished post-reload for END in 1.868 ms, totaling 131.5 ms.
[20:33:59] [Server thread/DEBUG] [REI] ========================================
[20:33:59] [Server thread/DEBUG] [REI] Updating players with new displays version B8D2F2E600000001 [from B8D2F2E600000000]
[20:34:20] [Server thread/DEBUG] [REI] Player inser has outdated displays version 0 [latest version: B8D2F2E600000001]
[20:34:20] [Server thread/DEBUG] [REI] Player inser has outdated displays version 0 [latest version: B8D2F2E600000001], sending reset packet request.
